C:\Program Files\Microsoft Visual Studio\2022\Professional\MSBuild\Microsoft\VC\v170\Microsoft.CppBuild.targets(510,5): warning MSB8028: промежуточный каталог (x64\Debug\) содержит файлы, которые используются совместно с другим проектом (misha3.vcxproj).  Это может привести к ошибкам очистки и перестроения.
  main.cpp
D:\misha\misha3\misha3\main.cpp(64,25): warning C4267: инициализация: преобразование из "size_t" в "int"; возможна потеря данных
D:\misha\misha3\misha3\main.cpp(80,10): warning C4244: инициализация: преобразование "double" в "int", возможна потеря данных
D:\misha\misha3\misha3\main.cpp(82,37): warning C4244: аргумент: преобразование "double" в "_Ty", возможна потеря данных
          with
          [
              _Ty=int
          ]
D:\misha\misha3\misha3\main.cpp(83,37): warning C4244: аргумент: преобразование "double" в "_Ty", возможна потеря данных
          with
          [
              _Ty=int
          ]
D:\misha\misha3\misha3\main.cpp(103,10): warning C4244: инициализация: преобразование "double" в "int", возможна потеря данных
D:\misha\misha3\misha3\main.cpp(105,37): warning C4244: аргумент: преобразование "double" в "_Ty", возможна потеря данных
          with
          [
              _Ty=int
          ]
D:\misha\misha3\misha3\main.cpp(106,37): warning C4244: аргумент: преобразование "double" в "_Ty", возможна потеря данных
          with
          [
              _Ty=int
          ]
D:\misha\misha3\misha3\main.cpp(59,6): warning C4101: cor: неиспользованная локальная переменная
  misha3.vcxproj -> D:\misha\misha3\x64\Debug\lab_3.exe
